0 info it worked if it ends with ok
1 verbose cli [ 'C:\\Program Files\\nodejs\\node.exe',
1 verbose cli   'C:\\Users\\alexa\\AppData\\Roaming\\npm\\node_modules\\npm\\bin\\npm-cli.js',
1 verbose cli   'test' ]
2 info using npm@3.10.8
3 info using node@v8.10.0
4 verbose stack Error: ENOENT: no such file or directory, open 'C:\Users\alexa\Documents\MyRepos\tgl\package.json'
5 verbose cwd C:\Users\alexa\Documents\MyRepos\tgl
6 error Windows_NT 10.0.17134
7 error argv "C:\\Program Files\\nodejs\\node.exe" "C:\\Users\\alexa\\AppData\\Roaming\\npm\\node_modules\\npm\\bin\\npm-cli.js" "test"
8 error node v8.10.0
9 error npm  v3.10.8
10 error path C:\Users\alexa\Documents\MyRepos\tgl\package.json
11 error code ENOENT
12 error errno -4058
13 error syscall open
14 error enoent ENOENT: no such file or directory, open 'C:\Users\alexa\Documents\MyRepos\tgl\package.json'
15 error enoent ENOENT: no such file or directory, open 'C:\Users\alexa\Documents\MyRepos\tgl\package.json'
15 error enoent This is most likely not a problem with npm itself
15 error enoent and is related to npm not being able to find a file.
16 verbose exit [ -4058, true ]
